TN:
SF:App.js
FN:7,App
FNF:1
FNH:0
FNDA:0,App
DA:8,0
DA:21,0
LF:2
LH:0
BRDA:13,0,0,0
BRDA:13,0,1,0
BRDA:14,1,0,0
BRDA:14,1,1,0
BRF:4
BRH:0
end_of_record
TN:
SF:src\business\constants\statesBind.js
FNF:0
FNH:0
DA:1,0
DA:2,0
DA:3,0
DA:4,0
DA:5,0
DA:6,0
LF:6
LH:0
BRF:0
BRH:0
end_of_record
TN:
SF:src\business\formatters\bind.js
FN:1,formatHighestBidOfAuction
FN:3,(anonymous_1)
FNF:2
FNH:0
FNDA:0,formatHighestBidOfAuction
FNDA:0,(anonymous_1)
DA:2,0
DA:3,0
DA:6,0
LF:3
LH:0
BRDA:3,0,0,0
BRDA:3,0,1,0
BRF:2
BRH:0
end_of_record
TN:
SF:src\business\formatters\coin.js
FN:1,formatDecimalToReal
FN:8,formatBrazilianToDecimal
FNF:2
FNH:2
FNDA:1,formatDecimalToReal
FNDA:1,formatBrazilianToDecimal
DA:2,1
DA:9,1
DA:10,1
LF:3
LH:3
BRF:0
BRH:0
end_of_record
TN:
SF:src\business\validators\bind.js
FN:8,validateBindNumericFormat
FN:16,validBind
FN:31,validBindGreaterOrEqualToInitial
FN:39,validBindGreaterThanBids
FN:40,(anonymous_4)
FNF:5
FNH:0
FNDA:0,validateBindNumericFormat
FNDA:0,validBind
FNDA:0,validBindGreaterOrEqualToInitial
FNDA:0,validBindGreaterThanBids
FNDA:0,(anonymous_4)
DA:9,0
DA:10,0
DA:13,0
DA:17,0
DA:18,0
DA:20,0
DA:21,0
DA:24,0
DA:25,0
DA:28,0
DA:32,0
DA:33,0
DA:36,0
DA:40,0
DA:41,0
DA:42,0
DA:45,0
LF:17
LH:0
BRDA:9,0,0,0
BRDA:9,0,1,0
BRDA:20,1,0,0
BRDA:20,1,1,0
BRDA:24,2,0,0
BRDA:24,2,1,0
BRDA:32,3,0,0
BRDA:32,3,1,0
BRDA:41,4,0,0
BRDA:41,4,1,0
BRF:10
BRH:0
end_of_record
TN:
SF:src\components\Card.js
FN:5,Card
FNF:1
FNH:0
FNDA:0,Card
DA:6,0
DA:11,0
LF:2
LH:0
BRDA:5,0,0,0
BRF:1
BRH:0
end_of_record
TN:
SF:src\components\Icon.js
FN:6,Icon
FN:14,(anonymous_1)
FNF:2
FNH:0
FNDA:0,Icon
FNDA:0,(anonymous_1)
DA:7,0
DA:9,0
DA:14,0
LF:3
LH:0
BRDA:10,0,0,0
BRDA:10,0,1,0
BRDA:16,1,0,0
BRDA:16,1,1,0
BRF:4
BRH:0
end_of_record
TN:
SF:src\hooks\useAuction.js
FN:8,useAuction
FN:11,(anonymous_1)
FN:17,(anonymous_2)
FN:43,(anonymous_3)
FNF:4
FNH:0
FNDA:0,useAuction
FNDA:0,(anonymous_1)
FNDA:0,(anonymous_2)
FNDA:0,(anonymous_3)
DA:9,0
DA:11,0
DA:12,0
DA:13,0
DA:14,0
DA:17,0
DA:18,0
DA:19,0
DA:20,0
DA:23,0
DA:24,0
DA:25,0
DA:26,0
DA:29,0
DA:34,0
DA:35,0
DA:36,0
DA:37,0
DA:40,0
DA:43,0
DA:44,0
DA:47,0
LF:22
LH:0
BRDA:19,0,0,0
BRDA:19,0,1,0
BRDA:25,1,0,0
BRDA:25,1,1,0
BRDA:35,2,0,0
BRDA:35,2,1,0
BRF:6
BRH:0
end_of_record
TN:
SF:src\hooks\useListAuctions.js
FN:4,useListAuctions
FN:7,(anonymous_1)
FN:12,(anonymous_2)
FNF:3
FNH:0
FNDA:0,useListAuctions
FNDA:0,(anonymous_1)
FNDA:0,(anonymous_2)
DA:5,0
DA:7,0
DA:8,0
DA:9,0
DA:12,0
DA:13,0
DA:16,0
LF:7
LH:0
BRF:0
BRH:0
end_of_record
TN:
SF:src\repository\auction.js
FN:3,getAuctions
FN:12,getAuction
FNF:2
FNH:0
FNDA:0,getAuctions
FNDA:0,getAuction
DA:4,0
DA:5,0
DA:6,0
DA:8,0
DA:13,0
DA:14,0
DA:15,0
DA:17,0
LF:8
LH:0
BRF:0
BRH:0
end_of_record
TN:
SF:src\repository\bid.js
FN:3,getBidsFromAuction
FN:12,addBind
FNF:2
FNH:0
FNDA:0,getBidsFromAuction
FNDA:0,addBind
DA:4,0
DA:5,0
DA:6,0
DA:8,0
DA:13,0
DA:14,0
DA:15,0
DA:17,0
LF:8
LH:0
BRF:0
BRH:0
end_of_record
TN:
SF:src\routes\AppRoutes.js
FN:10,AppRoutes
FNF:1
FNH:0
FNDA:0,AppRoutes
DA:8,0
DA:11,0
LF:2
LH:0
BRF:0
BRH:0
end_of_record
TN:
SF:src\screens\Auction\index.js
FN:11,Auction
FN:18,(anonymous_1)
FN:26,(anonymous_2)
FN:39,(anonymous_3)
FN:40,(anonymous_4)
FN:41,(anonymous_5)
FNF:6
FNH:0
FNDA:0,Auction
FNDA:0,(anonymous_1)
FNDA:0,(anonymous_2)
FNDA:0,(anonymous_3)
FNDA:0,(anonymous_4)
FNDA:0,(anonymous_5)
DA:12,0
DA:13,0
DA:15,0
DA:16,0
DA:18,0
DA:19,0
DA:20,0
DA:21,0
DA:23,0
DA:26,0
DA:27,0
DA:28,0
DA:29,0
DA:32,0
DA:33,0
DA:36,0
DA:39,0
DA:40,0
DA:41,0
DA:50,0
LF:20
LH:0
BRDA:20,0,0,0
BRDA:20,0,1,0
BRDA:32,1,0,0
BRDA:32,1,1,0
BRF:4
BRH:0
end_of_record
TN:
SF:src\screens\Auction\components\Bid.js
FN:9,Bid
FNF:1
FNH:0
FNDA:0,Bid
DA:10,0
DA:20,0
LF:2
LH:0
BRF:0
BRH:0
end_of_record
TN:
SF:src\screens\Auction\components\SendBid.js
FN:7,SendBid
FN:15,(anonymous_1)
FN:52,(anonymous_2)
FNF:3
FNH:0
FNDA:0,SendBid
FNDA:0,(anonymous_1)
FNDA:0,(anonymous_2)
DA:8,0
DA:9,0
DA:10,0
DA:11,0
DA:13,0
DA:15,0
DA:16,0
DA:17,0
DA:18,0
DA:20,0
DA:22,0
DA:23,0
DA:24,0
DA:26,0
DA:29,0
DA:32,0
DA:52,0
LF:17
LH:0
BRDA:22,0,0,0
BRDA:22,0,1,0
BRDA:32,1,0,0
BRDA:32,1,1,0
BRDA:33,2,0,0
BRDA:33,2,1,0
BRDA:34,3,0,0
BRDA:34,3,1,0
BRDA:84,4,0,0
BRDA:84,4,1,0
BRDA:85,5,0,0
BRDA:85,5,1,0
BRF:12
BRH:0
end_of_record
TN:
SF:src\screens\Auction\components\Top.js
FN:9,Top
FNF:1
FNH:0
FNDA:0,Top
DA:10,0
DA:12,0
DA:32,0
LF:3
LH:0
BRF:0
BRH:0
end_of_record
TN:
SF:src\screens\AuctionList\index.js
FN:7,ListAuctions
FN:11,(anonymous_1)
FN:20,(anonymous_2)
FN:21,(anonymous_3)
FNF:4
FNH:0
FNDA:0,ListAuctions
FNDA:0,(anonymous_1)
FNDA:0,(anonymous_2)
FNDA:0,(anonymous_3)
DA:8,0
DA:9,0
DA:11,0
DA:12,0
DA:13,0
DA:14,0
DA:17,0
DA:20,0
DA:21,0
DA:29,0
LF:10
LH:0
BRF:0
BRH:0
end_of_record
TN:
SF:src\screens\AuctionList\components\Auction.js
FN:10,Auction
FN:15,(anonymous_1)
FNF:2
FNH:0
FNDA:0,Auction
FNDA:0,(anonymous_1)
DA:11,0
DA:13,0
DA:15,0
DA:31,0
LF:4
LH:0
BRF:0
BRH:0
end_of_record
TN:
SF:src\services\apiAuctions.js
FNF:0
FNH:0
DA:4,0
LF:1
LH:0
BRF:0
BRH:0
end_of_record
